+ export MF=/home/tonyho/workspace/debug/d3_caravel_user_project
+ MF=/home/tonyho/workspace/debug/d3_caravel_user_project
+ export LF=/home/tonyho/workspace/debug/d3_caravel_user_project/log-0904-docker
+ LF=/home/tonyho/workspace/debug/d3_caravel_user_project/log-0904-docker
+ export CLF=/home/tonyho/workspace/debug/d3_caravel_user_project/caravel-lab
+ CLF=/home/tonyho/workspace/debug/d3_caravel_user_project/caravel-lab
+ export CUPF=/home/tonyho/workspace/debug/d3_caravel_user_project/caravel_user_project
+ CUPF=/home/tonyho/workspace/debug/d3_caravel_user_project/caravel_user_project
+ cd /home/tonyho/workspace/debug/d3_caravel_user_project
+ '[' '!' -d /home/tonyho/workspace/debug/d3_caravel_user_project ']'
+ '[' '!' -d /home/tonyho/workspace/debug/d3_caravel_user_project/log-0904-docker ']'
+ echo '/home/tonyho/workspace/debug/d3_caravel_user_project/log-0904-docker not exist, create it'
/home/tonyho/workspace/debug/d3_caravel_user_project/log-0904-docker not exist, create it
+ mkdir /home/tonyho/workspace/debug/d3_caravel_user_project/log-0904-docker
+ '[' '!' -d /home/tonyho/workspace/debug/d3_caravel_user_project/caravel-lab ']'
+ '[' '!' -d /home/tonyho/workspace/debug/d3_caravel_user_project/caravel_user_project ']'
+ cd /home/tonyho/workspace/debug/d3_caravel_user_project/caravel_user_project
+ git log -1
+ tee /home/tonyho/workspace/debug/d3_caravel_user_project/log-0904-docker/mpw-8c-git-log.log
commit d4e2d85974b1c2d6722ab97336e7e3c0a31efe8a
Author: tonyho <TonyHo@via.com.tw>
Date:   Mon Sep 4 11:49:04 2023 +0800

    use efabless/mpw_precheck:mpw8c
+ mkdir dependencies
mkdir: cannot create directory ‘dependencies’: File exists
++ pwd
+ export OPENLANE_ROOT=/home/tonyho/workspace/debug/d3_caravel_user_project/caravel_user_project/dependencies/openlane_src
+ OPENLANE_ROOT=/home/tonyho/workspace/debug/d3_caravel_user_project/caravel_user_project/dependencies/openlane_src
++ pwd
+ export PDK_ROOT=/home/tonyho/workspace/debug/d3_caravel_user_project/caravel_user_project/dependencies/pdks
+ PDK_ROOT=/home/tonyho/workspace/debug/d3_caravel_user_project/caravel_user_project/dependencies/pdks
+ export PDK=sky130A
+ PDK=sky130A
+ cp /home/tonyho/workspace/debug/d3_caravel_user_project/caravel-lab/custom_design/gcd/user_proj_example/user_proj_example.v /home/tonyho/workspace/debug/d3_caravel_user_project/caravel_user_project/verilog/rtl/user_proj_example.v
+ cp /home/tonyho/workspace/debug/d3_caravel_user_project/caravel-lab/custom_design/gcd/verify-la_test1-rtl/la_test1.c /home/tonyho/workspace/debug/d3_caravel_user_project/caravel_user_project/verilog/dv/la_test1/la_test1.c
+ cp /home/tonyho/workspace/debug/d3_caravel_user_project/caravel-lab/custom_design/gcd/verify-la_test1-rtl/la_test1_tb.v /home/tonyho/workspace/debug/d3_caravel_user_project/caravel_user_project/verilog/dv/la_test1/la_test1_tb.v
+ cp /home/tonyho/workspace/debug/d3_caravel_user_project/caravel-lab/custom_design/gcd/user_proj_example/config.json /home/tonyho/workspace/debug/d3_caravel_user_project/caravel_user_project/openlane/user_proj_example/config.json
+ cp /home/tonyho/workspace/debug/d3_caravel_user_project/caravel-lab/custom_design/gcd/mpw_precheck/README.md /home/tonyho/workspace/debug/d3_caravel_user_project/caravel_user_project/README.md
+ cp /home/tonyho/workspace/debug/d3_caravel_user_project/caravel-lab/custom_design/gcd/mpw_precheck/user_defines.v /home/tonyho/workspace/debug/d3_caravel_user_project/caravel_user_project/verilog/rtl/user_defines.v
+ make -d precheck
+ tee /home/tonyho/workspace/debug/d3_caravel_user_project/log-0904-docker/mpw-8c-precheck.log
GNU Make 4.2.1
Built for x86_64-pc-linux-gnu
Copyright (C) 1988-2016 Free Software Foundation, Inc.
License GPLv3+: GNU GPL version 3 or later <http://gnu.org/licenses/gpl.html>
This is free software: you are free to change and redistribute it.
There is NO WARRANTY, to the extent permitted by law.
Reading makefiles...
Reading makefile 'Makefile'...
Updating makefiles....
 Considering target file 'Makefile'.
  Looking for an implicit rule for 'Makefile'.
  Trying pattern rule with stem 'Makefile'.
  Found an implicit rule for 'Makefile'.
  Finished prerequisites of target file 'Makefile'.
 No need to remake target 'Makefile'.
Updating goal targets....
Considering target file 'precheck'.
 File 'precheck' does not exist.
 Finished prerequisites of target file 'precheck'.
Must remake target 'precheck'.
Putting child 0x55992df42680 (precheck) PID 2594692 on the chain.
Live child 0x55992df42680 (precheck) PID 2594692 
fatal: destination path '/home/tonyho/mpw_precheck' already exists and is not an empty directory.
Reaping losing child 0x55992df42680 PID 2594692 
make: *** [Makefile:216: precheck] Error 128
Removing child 0x55992df42680 PID 2594692 from chain.
+ make -d run-precheck
+ tee /home/tonyho/workspace/debug/d3_caravel_user_project/log-0904-docker/mpw-8c-run-precheck.log
GNU Make 4.2.1
Built for x86_64-pc-linux-gnu
Copyright (C) 1988-2016 Free Software Foundation, Inc.
License GPLv3+: GNU GPL version 3 or later <http://gnu.org/licenses/gpl.html>
This is free software: you are free to change and redistribute it.
There is NO WARRANTY, to the extent permitted by law.
Reading makefiles...
Reading makefile 'Makefile'...
Updating makefiles....
 Considering target file 'Makefile'.
  Looking for an implicit rule for 'Makefile'.
  Trying pattern rule with stem 'Makefile'.
  Found an implicit rule for 'Makefile'.
  Finished prerequisites of target file 'Makefile'.
 No need to remake target 'Makefile'.
Updating goal targets....
Considering target file 'run-precheck'.
 File 'run-precheck' does not exist.
  Considering target file 'check-pdk'.
   File 'check-pdk' does not exist.
   Finished prerequisites of target file 'check-pdk'.
  Must remake target 'check-pdk'.
Putting child 0x55f684537810 (check-pdk) PID 2594715 on the chain.
Live child 0x55f684537810 (check-pdk) PID 2594715 
Reaping winning child 0x55f684537810 PID 2594715 
Removing child 0x55f684537810 PID 2594715 from chain.
  Successfully remade target file 'check-pdk'.
  Considering target file 'check-precheck'.
   File 'check-precheck' does not exist.
   Finished prerequisites of target file 'check-precheck'.
  Must remake target 'check-precheck'.
Putting child 0x55f68453d410 (check-precheck) PID 2594719 on the chain.
Live child 0x55f68453d410 (check-precheck) PID 2594719 
Reaping winning child 0x55f68453d410 PID 2594719 
Removing child 0x55f68453d410 PID 2594719 from chain.
  Successfully remade target file 'check-precheck'.
 Finished prerequisites of target file 'run-precheck'.
Must remake target 'run-precheck'.
cd /home/tonyho/mpw_precheck && \
docker run -v /home/tonyho/mpw_precheck:/home/tonyho/mpw_precheck \
-v /home/tonyho/workspace/debug/d3_caravel_user_project/caravel_user_project:/home/tonyho/workspace/debug/d3_caravel_user_project/caravel_user_project \
-v /home/tonyho/workspace/debug/d3_caravel_user_project/caravel_user_project/dependencies/pdks:/home/tonyho/workspace/debug/d3_caravel_user_project/caravel_user_project/dependencies/pdks \
-e INPUT_DIRECTORY=/home/tonyho/workspace/debug/d3_caravel_user_project/caravel_user_project \
-e PDK_PATH=/home/tonyho/workspace/debug/d3_caravel_user_project/caravel_user_project/dependencies/pdks/sky130A \
-e PDK_ROOT=/home/tonyho/workspace/debug/d3_caravel_user_project/caravel_user_project/dependencies/pdks \
-e PDKPATH=/home/tonyho/workspace/debug/d3_caravel_user_project/caravel_user_project/dependencies/pdks/sky130A \
-u 1000:1000 \
efabless/mpw_precheck:mpw8c bash -c "cd /home/tonyho/mpw_precheck ; python3 mpw_precheck.py --input_directory /home/tonyho/workspace/debug/d3_caravel_user_project/caravel_user_project --pdk_path /home/tonyho/workspace/debug/d3_caravel_user_project/caravel_user_project/dependencies/pdks/sky130A"
Putting child 0x55f68453d410 (run-precheck) PID 2594726 on the chain.
Live child 0x55f68453d410 (run-precheck) PID 2594726 
{{EXTRACTING FILES}} Extracting compressed files in: /home/tonyho/workspace/debug/d3_caravel_user_project/caravel_user_project
{{Project Type Info}} digital
{{Project GDS Info}} user_project_wrapper: aec6d1ef9e018a8c3bc2e0b93b1892d2a8301d26
{{Tools Info}} KLayout: v0.27.12 | Magic: v8.3.348
{{PDKs Info}} SKY130A: f70d8ca46961ff92719d8870a18a076370b85f6c | Open PDKs: 0059588eebfc704681dc2368bd1d33d96281d10f
{{START}} Precheck Started, the full log 'precheck.log' will be located in '/home/tonyho/workspace/debug/d3_caravel_user_project/caravel_user_project/precheck_results/04_SEP_2023___03_51_09/logs'
{{PRECHECK SEQUENCE}} Precheck will run the following checks: [License, Makefile, Default, Documentation, Consistency, GPIO-Defines, XOR, Magic DRC, Klayout FEOL, Klayout BEOL, Klayout Offgrid, Klayout Metal Minimum Clear Area Density, Klayout Pin Label Purposes Overlapping Drawing, Klayout ZeroArea]
{{STEP UPDATE}} Executing Check 1 of 14: License
An approved LICENSE (Apache-2.0) was found in /home/tonyho/workspace/debug/d3_caravel_user_project/caravel_user_project.
{{MAIN LICENSE CHECK PASSED}} An approved LICENSE was found in project root.
An approved LICENSE (Apache-2.0) was found in /home/tonyho/workspace/debug/d3_caravel_user_project/caravel_user_project.
An approved LICENSE (Apache-2.0) was found in /home/tonyho/workspace/debug/d3_caravel_user_project/caravel_user_project.
An approved LICENSE (Apache-2.0) was found in /home/tonyho/workspace/debug/d3_caravel_user_project/caravel_user_project.
An approved LICENSE (Apache-2.0) was found in /home/tonyho/workspace/debug/d3_caravel_user_project/caravel_user_project.
An approved LICENSE (Apache-2.0) was found in /home/tonyho/workspace/debug/d3_caravel_user_project/caravel_user_project.
{{SUBMODULES LICENSE CHECK PASSED}} No prohibited LICENSE file(s) was found in project submodules
SPDX COMPLIANCE SYMLINK FILE NOT FOUND in /home/tonyho/workspace/debug/d3_caravel_user_project/caravel_user_project/venv/bin/python3.9
SPDX COMPLIANCE SYMLINK FILE NOT FOUND in /home/tonyho/workspace/debug/d3_caravel_user_project/caravel_user_project/venv/bin/python
SPDX COMPLIANCE SYMLINK FILE NOT FOUND in /home/tonyho/workspace/debug/d3_caravel_user_project/caravel_user_project/venv/bin/python3
SPDX COMPLIANCE FILE UNICODE DECODE EXCEPTION in (/home/tonyho/workspace/debug/d3_caravel_user_project/caravel_user_project/venv/lib/python3.9/site-packages/pip/_vendor/distlib/w64-arm.exe): 'utf-8' codec can't decode byte 0x90 in position 2: invalid start byte
SPDX COMPLIANCE FILE UNICODE DECODE EXCEPTION in (/home/tonyho/workspace/debug/d3_caravel_user_project/caravel_user_project/venv/lib/python3.9/site-packages/pip/_vendor/distlib/w32.exe): 'utf-8' codec can't decode byte 0x90 in position 2: invalid start byte
SPDX COMPLIANCE FILE UNICODE DECODE EXCEPTION in (/home/tonyho/workspace/debug/d3_caravel_user_project/caravel_user_project/venv/lib/python3.9/site-packages/pip/_vendor/distlib/t64.exe): 'utf-8' codec can't decode byte 0x90 in position 2: invalid start byte
SPDX COMPLIANCE FILE UNICODE DECODE EXCEPTION in (/home/tonyho/workspace/debug/d3_caravel_user_project/caravel_user_project/venv/lib/python3.9/site-packages/pip/_vendor/distlib/t32.exe): 'utf-8' codec can't decode byte 0x90 in position 2: invalid start byte
SPDX COMPLIANCE FILE UNICODE DECODE EXCEPTION in (/home/tonyho/workspace/debug/d3_caravel_user_project/caravel_user_project/venv/lib/python3.9/site-packages/pip/_vendor/distlib/t64-arm.exe): 'utf-8' codec can't decode byte 0x90 in position 2: invalid start byte
SPDX COMPLIANCE FILE UNICODE DECODE EXCEPTION in (/home/tonyho/workspace/debug/d3_caravel_user_project/caravel_user_project/venv/lib/python3.9/site-packages/pip/_vendor/distlib/w64.exe): 'utf-8' codec can't decode byte 0x90 in position 2: invalid start byte
SPDX COMPLIANCE FILE UNICODE DECODE EXCEPTION in (/home/tonyho/workspace/debug/d3_caravel_user_project/caravel_user_project/venv/lib/python3.9/site-packages/setuptools/gui-64.exe): 'utf-8' codec can't decode byte 0x90 in position 2: invalid start byte
SPDX COMPLIANCE FILE UNICODE DECODE EXCEPTION in (/home/tonyho/workspace/debug/d3_caravel_user_project/caravel_user_project/venv/lib/python3.9/site-packages/setuptools/gui-32.exe): 'utf-8' codec can't decode byte 0x90 in position 2: invalid start byte
SPDX COMPLIANCE FILE UNICODE DECODE EXCEPTION in (/home/tonyho/workspace/debug/d3_caravel_user_project/caravel_user_project/venv/lib/python3.9/site-packages/setuptools/gui.exe): 'utf-8' codec can't decode byte 0x90 in position 2: invalid start byte
SPDX COMPLIANCE FILE UNICODE DECODE EXCEPTION in (/home/tonyho/workspace/debug/d3_caravel_user_project/caravel_user_project/venv/lib/python3.9/site-packages/setuptools/cli.exe): 'utf-8' codec can't decode byte 0x90 in position 2: invalid start byte
SPDX COMPLIANCE FILE UNICODE DECODE EXCEPTION in (/home/tonyho/workspace/debug/d3_caravel_user_project/caravel_user_project/venv/lib/python3.9/site-packages/setuptools/cli-64.exe): 'utf-8' codec can't decode byte 0x90 in position 2: invalid start byte
SPDX COMPLIANCE FILE UNICODE DECODE EXCEPTION in (/home/tonyho/workspace/debug/d3_caravel_user_project/caravel_user_project/venv/lib/python3.9/site-packages/setuptools/cli-32.exe): 'utf-8' codec can't decode byte 0x90 in position 2: invalid start byte
SPDX COMPLIANCE FILE UNICODE DECODE EXCEPTION in (/home/tonyho/workspace/debug/d3_caravel_user_project/caravel_user_project/mgmt_core_wrapper/lvs/examples/utils/vlog2Spice): 'utf-8' codec can't decode byte 0xf8 in position 96: invalid start byte
SPDX COMPLIANCE FILE UNICODE DECODE EXCEPTION in (/home/tonyho/workspace/debug/d3_caravel_user_project/caravel_user_project/mgmt_core_wrapper/lvs/utils/vlog2Spice): 'utf-8' codec can't decode byte 0xf8 in position 96: invalid start byte
SPDX COMPLIANCE FILE UNICODE DECODE EXCEPTION in (/home/tonyho/workspace/debug/d3_caravel_user_project/caravel_user_project/mgmt_core_wrapper/verilog/rtl/ibex/sv-source-orig/sv2v): 'utf-8' codec can't decode byte 0xcf in position 0: invalid continuation byte
SPDX COMPLIANCE FILE UNICODE DECODE EXCEPTION in (/home/tonyho/workspace/debug/d3_caravel_user_project/caravel_user_project/mgmt_core_wrapper/verilog/dv/tests-standalone/spi_master/spi_master.vcd.hier): 'utf-8' codec can't decode byte 0xfc in position 0: invalid start byte
SPDX COMPLIANCE FILE UNICODE DECODE EXCEPTION in (/home/tonyho/workspace/debug/d3_caravel_user_project/caravel_user_project/dependencies/openlane_src/docs/_static/striVe.jpeg): 'utf-8' codec can't decode byte 0xff in position 0: invalid start byte
SPDX COMPLIANCE FILE UNICODE DECODE EXCEPTION in (/home/tonyho/workspace/debug/d3_caravel_user_project/caravel_user_project/dependencies/openlane_src/docs/_static/src/ring_around_macro.xcf): 'utf-8' codec can't decode byte 0x8d in position 21: invalid start byte
SPDX COMPLIANCE FILE UNICODE DECODE EXCEPTION in (/home/tonyho/workspace/debug/d3_caravel_user_project/caravel_user_project/dependencies/openlane_src/docs/_static/src/lvs_issue_comparison.xcf): 'utf-8' codec can't decode byte 0x96 in position 29: invalid start byte
SPDX COMPLIANCE FILE UNICODE DECODE EXCEPTION in (/home/tonyho/workspace/debug/d3_caravel_user_project/caravel_user_project/openlane/user_project_wrapper/runs/23_09_02_12_43/tmp/9-user_project_wrapper.odb): 'utf-8' codec can't decode byte 0xba in position 16: invalid start byte
SPDX COMPLIANCE FILE UNICODE DECODE EXCEPTION in (/home/tonyho/workspace/debug/d3_caravel_user_project/caravel_user_project/openlane/user_project_wrapper/runs/23_09_02_12_43/tmp/placement/7-global.odb): 'utf-8' codec can't decode byte 0xba in position 16: invalid start byte
SPDX COMPLIANCE FILE UNICODE DECODE EXCEPTION in (/home/tonyho/workspace/debug/d3_caravel_user_project/caravel_user_project/openlane/user_project_wrapper/runs/23_09_02_12_43/tmp/routing/11-global.odb): 'utf-8' codec can't decode byte 0xba in position 16: invalid start byte
SPDX COMPLIANCE FILE UNICODE DECODE EXCEPTION in (/home/tonyho/workspace/debug/d3_caravel_user_project/caravel_user_project/openlane/user_project_wrapper/runs/23_09_02_12_43/tmp/routing/diode.odb): 'utf-8' codec can't decode byte 0xba in position 16: invalid start byte
SPDX COMPLIANCE FILE UNICODE DECODE EXCEPTION in (/home/tonyho/workspace/debug/d3_caravel_user_project/caravel_user_project/openlane/user_project_wrapper/runs/23_09_02_12_43/tmp/floorplan/6-pdn.odb): 'utf-8' codec can't decode byte 0xba in position 16: invalid start byte
SPDX COMPLIANCE FILE UNICODE DECODE EXCEPTION in (/home/tonyho/workspace/debug/d3_caravel_user_project/caravel_user_project/openlane/user_project_wrapper/runs/23_09_02_12_43/tmp/floorplan/4-io.macro_placement.odb): 'utf-8' codec can't decode byte 0xba in position 16: invalid start byte
SPDX COMPLIANCE FILE UNICODE DECODE EXCEPTION in (/home/tonyho/workspace/debug/d3_caravel_user_project/caravel_user_project/openlane/user_project_wrapper/runs/23_09_02_12_43/tmp/floorplan/3-initial_fp.odb): 'utf-8' codec can't decode byte 0xba in position 16: invalid start byte
SPDX COMPLIANCE FILE UNICODE DECODE EXCEPTION in (/home/tonyho/workspace/debug/d3_caravel_user_project/caravel_user_project/openlane/user_project_wrapper/runs/23_09_02_12_43/tmp/floorplan/4-io.odb): 'utf-8' codec can't decode byte 0xba in position 16: invalid start byte
SPDX COMPLIANCE FILE UNICODE DECODE EXCEPTION in (/home/tonyho/workspace/debug/d3_caravel_user_project/caravel_user_project/openlane/user_project_wrapper/runs/23_09_02_12_43/results/placement/user_project_wrapper.odb): 'utf-8' codec can't decode byte 0xba in position 16: invalid start byte
SPDX COMPLIANCE FILE UNICODE DECODE EXCEPTION in (/home/tonyho/workspace/debug/d3_caravel_user_project/caravel_user_project/openlane/user_project_wrapper/runs/23_09_02_12_43/results/routing/user_project_wrapper.odb): 'utf-8' codec can't decode byte 0xba in position 16: invalid start byte
SPDX COMPLIANCE FILE UNICODE DECODE EXCEPTION in (/home/tonyho/workspace/debug/d3_caravel_user_project/caravel_user_project/openlane/user_project_wrapper/runs/23_09_01_23_00/tmp/9-user_project_wrapper.odb): 'utf-8' codec can't decode byte 0xba in position 16: invalid start byte
SPDX COMPLIANCE FILE UNICODE DECODE EXCEPTION in (/home/tonyho/workspace/debug/d3_caravel_user_project/caravel_user_project/openlane/user_project_wrapper/runs/23_09_01_23_00/tmp/placement/7-global.odb): 'utf-8' codec can't decode byte 0xba in position 16: invalid start byte
SPDX COMPLIANCE FILE UNICODE DECODE EXCEPTION in (/home/tonyho/workspace/debug/d3_caravel_user_project/caravel_user_project/openlane/user_project_wrapper/runs/23_09_01_23_00/tmp/routing/11-global.odb): 'utf-8' codec can't decode byte 0xba in position 16: invalid start byte
SPDX COMPLIANCE FILE UNICODE DECODE EXCEPTION in (/home/tonyho/workspace/debug/d3_caravel_user_project/caravel_user_project/openlane/user_project_wrapper/runs/23_09_01_23_00/tmp/routing/diode.odb): 'utf-8' codec can't decode byte 0xba in position 16: invalid start byte
SPDX COMPLIANCE FILE UNICODE DECODE EXCEPTION in (/home/tonyho/workspace/debug/d3_caravel_user_project/caravel_user_project/openlane/user_project_wrapper/runs/23_09_01_23_00/tmp/floorplan/6-pdn.odb): 'utf-8' codec can't decode byte 0xba in position 16: invalid start byte
SPDX COMPLIANCE FILE UNICODE DECODE EXCEPTION in (/home/tonyho/workspace/debug/d3_caravel_user_project/caravel_user_project/openlane/user_project_wrapper/runs/23_09_01_23_00/tmp/floorplan/4-io.macro_placement.odb): 'utf-8' codec can't decode byte 0xba in position 16: invalid start byte
SPDX COMPLIANCE FILE UNICODE DECODE EXCEPTION in (/home/tonyho/workspace/debug/d3_caravel_user_project/caravel_user_project/openlane/user_project_wrapper/runs/23_09_01_23_00/tmp/floorplan/3-initial_fp.odb): 'utf-8' codec can't decode byte 0xba in position 16: invalid start byte
SPDX COMPLIANCE FILE UNICODE DECODE EXCEPTION in (/home/tonyho/workspace/debug/d3_caravel_user_project/caravel_user_project/openlane/user_project_wrapper/runs/23_09_01_23_00/tmp/floorplan/4-io.odb): 'utf-8' codec can't decode byte 0xba in position 16: invalid start byte
SPDX COMPLIANCE FILE UNICODE DECODE EXCEPTION in (/home/tonyho/workspace/debug/d3_caravel_user_project/caravel_user_project/openlane/user_project_wrapper/runs/23_09_01_23_00/results/placement/user_project_wrapper.odb): 'utf-8' codec can't decode byte 0xba in position 16: invalid start byte
SPDX COMPLIANCE FILE UNICODE DECODE EXCEPTION in (/home/tonyho/workspace/debug/d3_caravel_user_project/caravel_user_project/openlane/user_project_wrapper/runs/23_09_01_23_00/results/routing/user_project_wrapper.odb): 'utf-8' codec can't decode byte 0xba in position 16: invalid start byte
SPDX COMPLIANCE FILE UNICODE DECODE EXCEPTION in (/home/tonyho/workspace/debug/d3_caravel_user_project/caravel_user_project/openlane/user_project_wrapper/runs/23_09_03_12_10/tmp/9-user_project_wrapper.odb): 'utf-8' codec can't decode byte 0xba in position 16: invalid start byte
SPDX COMPLIANCE FILE UNICODE DECODE EXCEPTION in (/home/tonyho/workspace/debug/d3_caravel_user_project/caravel_user_project/openlane/user_project_wrapper/runs/23_09_03_12_10/tmp/placement/7-global.odb): 'utf-8' codec can't decode byte 0xba in position 16: invalid start byte
SPDX COMPLIANCE FILE UNICODE DECODE EXCEPTION in (/home/tonyho/workspace/debug/d3_caravel_user_project/caravel_user_project/openlane/user_project_wrapper/runs/23_09_03_12_10/tmp/routing/11-global.odb): 'utf-8' codec can't decode byte 0xba in position 16: invalid start byte
SPDX COMPLIANCE FILE UNICODE DECODE EXCEPTION in (/home/tonyho/workspace/debug/d3_caravel_user_project/caravel_user_project/openlane/user_project_wrapper/runs/23_09_03_12_10/tmp/routing/diode.odb): 'utf-8' codec can't decode byte 0xba in position 16: invalid start byte
SPDX COMPLIANCE FILE UNICODE DECODE EXCEPTION in (/home/tonyho/workspace/debug/d3_caravel_user_project/caravel_user_project/openlane/user_project_wrapper/runs/23_09_03_12_10/tmp/floorplan/6-pdn.odb): 'utf-8' codec can't decode byte 0xba in position 16: invalid start byte
SPDX COMPLIANCE FILE UNICODE DECODE EXCEPTION in (/home/tonyho/workspace/debug/d3_caravel_user_project/caravel_user_project/openlane/user_project_wrapper/runs/23_09_03_12_10/tmp/floorplan/4-io.macro_placement.odb): 'utf-8' codec can't decode byte 0xba in position 16: invalid start byte
SPDX COMPLIANCE FILE UNICODE DECODE EXCEPTION in (/home/tonyho/workspace/debug/d3_caravel_user_project/caravel_user_project/openlane/user_project_wrapper/runs/23_09_03_12_10/tmp/floorplan/3-initial_fp.odb): 'utf-8' codec can't decode byte 0xba in position 16: invalid start byte
SPDX COMPLIANCE FILE UNICODE DECODE EXCEPTION in (/home/tonyho/workspace/debug/d3_caravel_user_project/caravel_user_project/openlane/user_project_wrapper/runs/23_09_03_12_10/tmp/floorplan/4-io.odb): 'utf-8' codec can't decode byte 0xba in position 16: invalid start byte
SPDX COMPLIANCE FILE UNICODE DECODE EXCEPTION in (/home/tonyho/workspace/debug/d3_caravel_user_project/caravel_user_project/openlane/user_project_wrapper/runs/23_09_03_12_10/results/placement/user_project_wrapper.odb): 'utf-8' codec can't decode byte 0xba in position 16: invalid start byte
SPDX COMPLIANCE FILE UNICODE DECODE EXCEPTION in (/home/tonyho/workspace/debug/d3_caravel_user_project/caravel_user_project/openlane/user_project_wrapper/runs/23_09_03_12_10/results/routing/user_project_wrapper.odb): 'utf-8' codec can't decode byte 0xba in position 16: invalid start byte
SPDX COMPLIANCE FILE UNICODE DECODE EXCEPTION in (/home/tonyho/workspace/debug/d3_caravel_user_project/caravel_user_project/openlane/user_proj_example/runs/23_09_01_22_48/tmp/12-user_proj_example.odb): 'utf-8' codec can't decode byte 0xb9 in position 16: invalid start byte
SPDX COMPLIANCE FILE UNICODE DECODE EXCEPTION in (/home/tonyho/workspace/debug/d3_caravel_user_project/caravel_user_project/openlane/user_proj_example/runs/23_09_01_22_48/tmp/cts/11-user_proj_example.resized.odb): 'utf-8' codec can't decode byte 0xb9 in position 16: invalid start byte
SPDX COMPLIANCE FILE UNICODE DECODE EXCEPTION in (/home/tonyho/workspace/debug/d3_caravel_user_project/caravel_user_project/openlane/user_proj_example/runs/23_09_01_22_48/tmp/placement/8-resizer.odb): 'utf-8' codec can't decode byte 0xb9 in position 16: invalid start byte
SPDX COMPLIANCE FILE UNICODE DECODE EXCEPTION in (/home/tonyho/workspace/debug/d3_caravel_user_project/caravel_user_project/openlane/user_proj_example/runs/23_09_01_22_48/tmp/placement/7-global.odb): 'utf-8' codec can't decode byte 0xb9 in position 16: invalid start byte
SPDX COMPLIANCE FILE UNICODE DECODE EXCEPTION in (/home/tonyho/workspace/debug/d3_caravel_user_project/caravel_user_project/openlane/user_proj_example/runs/23_09_01_22_48/tmp/routing/13-diodes.odb): 'utf-8' codec can't decode byte 0xb9 in position 16: invalid start byte
SPDX COMPLIANCE FILE UNICODE DECODE EXCEPTION in (/home/tonyho/workspace/debug/d3_caravel_user_project/caravel_user_project/openlane/user_proj_example/runs/23_09_01_22_48/tmp/routing/16-global.odb): 'utf-8' codec can't decode byte 0xb9 in position 16: invalid start byte
SPDX COMPLIANCE FILE UNICODE DECODE EXCEPTION in (/home/tonyho/workspace/debug/d3_caravel_user_project/caravel_user_project/openlane/user_proj_example/runs/23_09_01_22_48/tmp/routing/15-fill.odb): 'utf-8' codec can't decode byte 0xb9 in position 16: invalid start byte
SPDX COMPLIANCE FILE UNICODE DECODE EXCEPTION in (/home/tonyho/workspace/debug/d3_caravel_user_project/caravel_user_project/openlane/user_proj_example/runs/23_09_01_22_48/tmp/routing/diodes.odb): 'utf-8' codec can't decode byte 0xb9 in position 16: invalid start byte
SPDX COMPLIANCE FILE UNICODE DECODE EXCEPTION in (/home/tonyho/workspace/debug/d3_caravel_user_project/caravel_user_project/openlane/user_proj_example/runs/23_09_01_22_48/tmp/floorplan/6-pdn.odb): 'utf-8' codec can't decode byte 0xb9 in position 16: invalid start byte
SPDX COMPLIANCE FILE UNICODE DECODE EXCEPTION in (/home/tonyho/workspace/debug/d3_caravel_user_project/caravel_user_project/openlane/user_proj_example/runs/23_09_01_22_48/tmp/floorplan/3-initial_fp.odb): 'utf-8' codec can't decode byte 0xb9 in position 16: invalid start byte
SPDX COMPLIANCE FILE UNICODE DECODE EXCEPTION in (/home/tonyho/workspace/debug/d3_caravel_user_project/caravel_user_project/openlane/user_proj_example/runs/23_09_01_22_48/tmp/floorplan/4-io.odb): 'utf-8' codec can't decode byte 0xb9 in position 16: invalid start byte
SPDX COMPLIANCE FILE UNICODE DECODE EXCEPTION in (/home/tonyho/workspace/debug/d3_caravel_user_project/caravel_user_project/openlane/user_proj_example/runs/23_09_01_22_48/results/cts/user_proj_example.odb): 'utf-8' codec can't decode byte 0xb9 in position 16: invalid start byte
SPDX COMPLIANCE FILE UNICODE DECODE EXCEPTION in (/home/tonyho/workspace/debug/d3_caravel_user_project/caravel_user_project/openlane/user_proj_example/runs/23_09_01_22_48/results/placement/user_proj_example.odb): 'utf-8' codec can't decode byte 0xb9 in position 16: invalid start byte
SPDX COMPLIANCE FILE UNICODE DECODE EXCEPTION in (/home/tonyho/workspace/debug/d3_caravel_user_project/caravel_user_project/openlane/user_proj_example/runs/23_09_01_22_48/results/routing/user_proj_example.odb): 'utf-8' codec can't decode byte 0xb9 in position 16: invalid start byte
SPDX COMPLIANCE FILE UNICODE DECODE EXCEPTION in (/home/tonyho/workspace/debug/d3_caravel_user_project/caravel_user_project/openlane/user_proj_example/runs/23_09_01_22_48/results/floorplan/user_proj_example.odb): 'utf-8' codec can't decode byte 0xb9 in position 16: invalid start byte
SPDX COMPLIANCE FILE UNICODE DECODE EXCEPTION in (/home/tonyho/workspace/debug/d3_caravel_user_project/caravel_user_project/openlane/user_proj_example/runs/23_09_03_11_58/tmp/12-user_proj_example.odb): 'utf-8' codec can't decode byte 0xb9 in position 16: invalid start byte
SPDX COMPLIANCE FILE UNICODE DECODE EXCEPTION in (/home/tonyho/workspace/debug/d3_caravel_user_project/caravel_user_project/openlane/user_proj_example/runs/23_09_03_11_58/tmp/cts/11-user_proj_example.resized.odb): 'utf-8' codec can't decode byte 0xb9 in position 16: invalid start byte
SPDX COMPLIANCE FILE UNICODE DECODE EXCEPTION in (/home/tonyho/workspace/debug/d3_caravel_user_project/caravel_user_project/openlane/user_proj_example/runs/23_09_03_11_58/tmp/placement/8-resizer.odb): 'utf-8' codec can't decode byte 0xb9 in position 16: invalid start byte
SPDX COMPLIANCE FILE UNICODE DECODE EXCEPTION in (/home/tonyho/workspace/debug/d3_caravel_user_project/caravel_user_project/openlane/user_proj_example/runs/23_09_03_11_58/tmp/placement/7-global.odb): 'utf-8' codec can't decode byte 0xb9 in position 16: invalid start byte
SPDX COMPLIANCE FILE UNICODE DECODE EXCEPTION in (/home/tonyho/workspace/debug/d3_caravel_user_project/caravel_user_project/openlane/user_proj_example/runs/23_09_03_11_58/tmp/routing/13-diodes.odb): 'utf-8' codec can't decode byte 0xb9 in position 16: invalid start byte
SPDX COMPLIANCE FILE UNICODE DECODE EXCEPTION in (/home/tonyho/workspace/debug/d3_caravel_user_project/caravel_user_project/openlane/user_proj_example/runs/23_09_03_11_58/tmp/routing/16-global.odb): 'utf-8' codec can't decode byte 0xb9 in position 16: invalid start byte
SPDX COMPLIANCE FILE UNICODE DECODE EXCEPTION in (/home/tonyho/workspace/debug/d3_caravel_user_project/caravel_user_project/openlane/user_proj_example/runs/23_09_03_11_58/tmp/routing/15-fill.odb): 'utf-8' codec can't decode byte 0xb9 in position 16: invalid start byte
SPDX COMPLIANCE FILE UNICODE DECODE EXCEPTION in (/home/tonyho/workspace/debug/d3_caravel_user_project/caravel_user_project/openlane/user_proj_example/runs/23_09_03_11_58/tmp/routing/diodes.odb): 'utf-8' codec can't decode byte 0xb9 in position 16: invalid start byte
SPDX COMPLIANCE FILE UNICODE DECODE EXCEPTION in (/home/tonyho/workspace/debug/d3_caravel_user_project/caravel_user_project/openlane/user_proj_example/runs/23_09_03_11_58/tmp/floorplan/6-pdn.odb): 'utf-8' codec can't decode byte 0xb9 in position 16: invalid start byte
SPDX COMPLIANCE FILE UNICODE DECODE EXCEPTION in (/home/tonyho/workspace/debug/d3_caravel_user_project/caravel_user_project/openlane/user_proj_example/runs/23_09_03_11_58/tmp/floorplan/3-initial_fp.odb): 'utf-8' codec can't decode byte 0xb9 in position 16: invalid start byte
SPDX COMPLIANCE FILE UNICODE DECODE EXCEPTION in (/home/tonyho/workspace/debug/d3_caravel_user_project/caravel_user_project/openlane/user_proj_example/runs/23_09_03_11_58/tmp/floorplan/4-io.odb): 'utf-8' codec can't decode byte 0xb9 in position 16: invalid start byte
SPDX COMPLIANCE FILE UNICODE DECODE EXCEPTION in (/home/tonyho/workspace/debug/d3_caravel_user_project/caravel_user_project/openlane/user_proj_example/runs/23_09_03_11_58/results/cts/user_proj_example.odb): 'utf-8' codec can't decode byte 0xb9 in position 16: invalid start byte
SPDX COMPLIANCE FILE UNICODE DECODE EXCEPTION in (/home/tonyho/workspace/debug/d3_caravel_user_project/caravel_user_project/openlane/user_proj_example/runs/23_09_03_11_58/results/placement/user_proj_example.odb): 'utf-8' codec can't decode byte 0xb9 in position 16: invalid start byte
SPDX COMPLIANCE FILE UNICODE DECODE EXCEPTION in (/home/tonyho/workspace/debug/d3_caravel_user_project/caravel_user_project/openlane/user_proj_example/runs/23_09_03_11_58/results/routing/user_proj_example.odb): 'utf-8' codec can't decode byte 0xb9 in position 16: invalid start byte
SPDX COMPLIANCE FILE UNICODE DECODE EXCEPTION in (/home/tonyho/workspace/debug/d3_caravel_user_project/caravel_user_project/openlane/user_proj_example/runs/23_09_03_11_58/results/floorplan/user_proj_example.odb): 'utf-8' codec can't decode byte 0xb9 in position 16: invalid start byte
SPDX COMPLIANCE FILE UNICODE DECODE EXCEPTION in (/home/tonyho/workspace/debug/d3_caravel_user_project/caravel_user_project/openlane/user_proj_example/runs/23_09_02_12_31/tmp/12-user_proj_example.odb): 'utf-8' codec can't decode byte 0xb9 in position 16: invalid start byte
SPDX COMPLIANCE FILE UNICODE DECODE EXCEPTION in (/home/tonyho/workspace/debug/d3_caravel_user_project/caravel_user_project/openlane/user_proj_example/runs/23_09_02_12_31/tmp/cts/11-user_proj_example.resized.odb): 'utf-8' codec can't decode byte 0xb9 in position 16: invalid start byte
SPDX COMPLIANCE FILE UNICODE DECODE EXCEPTION in (/home/tonyho/workspace/debug/d3_caravel_user_project/caravel_user_project/openlane/user_proj_example/runs/23_09_02_12_31/tmp/placement/8-resizer.odb): 'utf-8' codec can't decode byte 0xb9 in position 16: invalid start byte
SPDX COMPLIANCE FILE UNICODE DECODE EXCEPTION in (/home/tonyho/workspace/debug/d3_caravel_user_project/caravel_user_project/openlane/user_proj_example/runs/23_09_02_12_31/tmp/placement/7-global.odb): 'utf-8' codec can't decode byte 0xb9 in position 16: invalid start byte
SPDX COMPLIANCE FILE UNICODE DECODE EXCEPTION in (/home/tonyho/workspace/debug/d3_caravel_user_project/caravel_user_project/openlane/user_proj_example/runs/23_09_02_12_31/tmp/routing/13-diodes.odb): 'utf-8' codec can't decode byte 0xb9 in position 16: invalid start byte
SPDX COMPLIANCE FILE UNICODE DECODE EXCEPTION in (/home/tonyho/workspace/debug/d3_caravel_user_project/caravel_user_project/openlane/user_proj_example/runs/23_09_02_12_31/tmp/routing/16-global.odb): 'utf-8' codec can't decode byte 0xb9 in position 16: invalid start byte
SPDX COMPLIANCE FILE UNICODE DECODE EXCEPTION in (/home/tonyho/workspace/debug/d3_caravel_user_project/caravel_user_project/openlane/user_proj_example/runs/23_09_02_12_31/tmp/routing/15-fill.odb): 'utf-8' codec can't decode byte 0xb9 in position 16: invalid start byte
SPDX COMPLIANCE FILE UNICODE DECODE EXCEPTION in (/home/tonyho/workspace/debug/d3_caravel_user_project/caravel_user_project/openlane/user_proj_example/runs/23_09_02_12_31/tmp/routing/diodes.odb): 'utf-8' codec can't decode byte 0xb9 in position 16: invalid start byte
SPDX COMPLIANCE FILE UNICODE DECODE EXCEPTION in (/home/tonyho/workspace/debug/d3_caravel_user_project/caravel_user_project/openlane/user_proj_example/runs/23_09_02_12_31/tmp/floorplan/6-pdn.odb): 'utf-8' codec can't decode byte 0xb9 in position 16: invalid start byte
SPDX COMPLIANCE FILE UNICODE DECODE EXCEPTION in (/home/tonyho/workspace/debug/d3_caravel_user_project/caravel_user_project/openlane/user_proj_example/runs/23_09_02_12_31/tmp/floorplan/3-initial_fp.odb): 'utf-8' codec can't decode byte 0xb9 in position 16: invalid start byte
SPDX COMPLIANCE FILE UNICODE DECODE EXCEPTION in (/home/tonyho/workspace/debug/d3_caravel_user_project/caravel_user_project/openlane/user_proj_example/runs/23_09_02_12_31/tmp/floorplan/4-io.odb): 'utf-8' codec can't decode byte 0xb9 in position 16: invalid start byte
SPDX COMPLIANCE FILE UNICODE DECODE EXCEPTION in (/home/tonyho/workspace/debug/d3_caravel_user_project/caravel_user_project/openlane/user_proj_example/runs/23_09_02_12_31/results/cts/user_proj_example.odb): 'utf-8' codec can't decode byte 0xb9 in position 16: invalid start byte
SPDX COMPLIANCE FILE UNICODE DECODE EXCEPTION in (/home/tonyho/workspace/debug/d3_caravel_user_project/caravel_user_project/openlane/user_proj_example/runs/23_09_02_12_31/results/placement/user_proj_example.odb): 'utf-8' codec can't decode byte 0xb9 in position 16: invalid start byte
SPDX COMPLIANCE FILE UNICODE DECODE EXCEPTION in (/home/tonyho/workspace/debug/d3_caravel_user_project/caravel_user_project/openlane/user_proj_example/runs/23_09_02_12_31/results/routing/user_proj_example.odb): 'utf-8' codec can't decode byte 0xb9 in position 16: invalid start byte
SPDX COMPLIANCE FILE UNICODE DECODE EXCEPTION in (/home/tonyho/workspace/debug/d3_caravel_user_project/caravel_user_project/openlane/user_proj_example/runs/23_09_02_12_31/results/floorplan/user_proj_example.odb): 'utf-8' codec can't decode byte 0xb9 in position 16: invalid start byte
{{SPDX COMPLIANCE CHECK FAILED}} Found 6790 non-compliant file(s) with the SPDX Standard.
SPDX COMPLIANCE: NON-COMPLIANT FILE(S) PREVIEW: ['/home/tonyho/workspace/debug/d3_caravel_user_project/caravel_user_project/spef/user_project_wrapper.spef', '/home/tonyho/workspace/debug/d3_caravel_user_project/caravel_user_project/spef/user_proj_example.spef', '/home/tonyho/workspace/debug/d3_caravel_user_project/caravel_user_project/spef/multicorner/user_project_wrapper.max.spef', '/home/tonyho/workspace/debug/d3_caravel_user_project/caravel_user_project/spef/multicorner/user_project_wrapper.min.spef', '/home/tonyho/workspace/debug/d3_caravel_user_project/caravel_user_project/spef/multicorner/user_project_wrapper.nom.spef', '/home/tonyho/workspace/debug/d3_caravel_user_project/caravel_user_project/venv/bin/activate.csh', '/home/tonyho/workspace/debug/d3_caravel_user_project/caravel_user_project/venv/bin/activate', '/home/tonyho/workspace/debug/d3_caravel_user_project/caravel_user_project/venv/bin/pip3', '/home/tonyho/workspace/debug/d3_caravel_user_project/caravel_user_project/venv/bin/pip', '/home/tonyho/workspace/debug/d3_caravel_user_project/caravel_user_project/venv/bin/activate.fish', '/home/tonyho/workspace/debug/d3_caravel_user_project/caravel_user_project/venv/bin/Activate.ps1', '/home/tonyho/workspace/debug/d3_caravel_user_project/caravel_user_project/venv/bin/pip3.11', '/home/tonyho/workspace/debug/d3_caravel_user_project/caravel_user_project/venv/bin/pip3.9', '/home/tonyho/workspace/debug/d3_caravel_user_project/caravel_user_project/venv/lib/python3.9/site-packages/distutils-precedence.pth', '/home/tonyho/workspace/debug/d3_caravel_user_project/caravel_user_project/venv/lib/python3.9/site-packages/click/types.py']
For the full SPDX compliance report check: /home/tonyho/workspace/debug/d3_caravel_user_project/caravel_user_project/precheck_results/04_SEP_2023___03_51_09/logs/spdx_compliance_report.log
{{STEP UPDATE}} Executing Check 2 of 14: Makefile
{{MAKEFILE CHECK PASSED}} Makefile valid.
{{STEP UPDATE}} Executing Check 3 of 14: Default
{{README DEFAULT CHECK PASSED}} Project 'README.md' was modified and is not identical to the default 'README.md'
{{CONTENT DEFAULT CHECK PASSED}} Project 'gds' was modified and is not identical to the default 'gds'
{{STEP UPDATE}} Executing Check 4 of 14: Documentation
{{DOCUMENTATION CHECK PASSED}} Project documentation is appropriate.
{{STEP UPDATE}} Executing Check 5 of 14: Consistency
POWER CONNECTIONS CHECK PASSED: All instances in caravel are connected to power
{{NETLIST CONSISTENCY CHECK PASSED}} caravel netlist passed all consistency checks.
PORTS CHECK PASSED: Netlist user_project_wrapper ports match the golden wrapper ports
COMPLEXITY CHECK PASSED: Netlist user_project_wrapper contains at least 1 instances (1 instances). 
MODELING CHECK PASSED: Netlist user_project_wrapper is structural.
LAYOUT CHECK PASSED: The GDS layout for user_project_wrapper matches the provided structural netlist.
POWER CONNECTIONS CHECK PASSED: All instances in user_project_wrapper are connected to power
PORT TYPES CHECK PASSED: Netlist user_project_wrapper port types match the golden wrapper port types.
{{NETLIST CONSISTENCY CHECK PASSED}} user_project_wrapper netlist passed all consistency checks.
{{CONSISTENCY CHECK PASSED}} The user netlist and the top netlist are valid.
{{STEP UPDATE}} Executing Check 6 of 14: GPIO-Defines
GPIO-DEFINES: Checking verilog/rtl/user_defines.v, parsing files: ['/home/tonyho/mpw_precheck/checks/gpio_defines_check/verilog_assets/gpio_modes_base.v', '/home/tonyho/workspace/debug/d3_caravel_user_project/caravel_user_project/verilog/rtl/user_defines.v', '/home/tonyho/mpw_precheck/checks/gpio_defines_check/verilog_assets/gpio_modes_observe.v']
GPIO-DEFINES report path: /home/tonyho/workspace/debug/d3_caravel_user_project/caravel_user_project/precheck_results/04_SEP_2023___03_51_09/outputs/reports/gpio_defines.report
{{GPIO-DEFINES CHECK PASSED}} The user verilog/rtl/user_defines.v is valid.
{{STEP UPDATE}} Executing Check 7 of 14: XOR
{{XOR CHECK UPDATE}} Total XOR differences: 0, for more details view /home/tonyho/workspace/debug/d3_caravel_user_project/caravel_user_project/precheck_results/04_SEP_2023___03_51_09/outputs/user_project_wrapper.xor.gds
{{XOR CHECK PASSED}} The GDS file has no XOR violations.
{{STEP UPDATE}} Executing Check 8 of 14: Magic DRC
Found 0 violations
0 DRC violations
{{MAGIC DRC CHECK PASSED}} The GDS file, user_project_wrapper.gds, has no DRC violations.
{{STEP UPDATE}} Executing Check 9 of 14: Klayout FEOL
in CUSTOM klayout_gds_drc_check
run: klayout -b -r /home/tonyho/mpw_precheck/checks/tech-files/sky130A_mr.drc -rd input=/home/tonyho/workspace/debug/d3_caravel_user_project/caravel_user_project/gds/user_project_wrapper.gds -rd topcell=user_project_wrapper -rd report=/home/tonyho/workspace/debug/d3_caravel_user_project/caravel_user_project/precheck_results/04_SEP_2023___03_51_09/outputs/reports/klayout_feol_check.xml -rd feol=true >& /home/tonyho/workspace/debug/d3_caravel_user_project/caravel_user_project/precheck_results/04_SEP_2023___03_51_09/logs/klayout_feol_check.log
No DRC Violations found
{{Klayout FEOL CHECK PASSED}} The GDS file, user_project_wrapper.gds, has no DRC violations.
{{STEP UPDATE}} Executing Check 10 of 14: Klayout BEOL
in CUSTOM klayout_gds_drc_check
run: klayout -b -r /home/tonyho/mpw_precheck/checks/tech-files/sky130A_mr.drc -rd input=/home/tonyho/workspace/debug/d3_caravel_user_project/caravel_user_project/gds/user_project_wrapper.gds -rd topcell=user_project_wrapper -rd report=/home/tonyho/workspace/debug/d3_caravel_user_project/caravel_user_project/precheck_results/04_SEP_2023___03_51_09/outputs/reports/klayout_beol_check.xml -rd beol=true >& /home/tonyho/workspace/debug/d3_caravel_user_project/caravel_user_project/precheck_results/04_SEP_2023___03_51_09/logs/klayout_beol_check.log
No DRC Violations found
{{Klayout BEOL CHECK PASSED}} The GDS file, user_project_wrapper.gds, has no DRC violations.
{{STEP UPDATE}} Executing Check 11 of 14: Klayout Offgrid
in CUSTOM klayout_gds_drc_check
run: klayout -b -r /home/tonyho/mpw_precheck/checks/tech-files/sky130A_mr.drc -rd input=/home/tonyho/workspace/debug/d3_caravel_user_project/caravel_user_project/gds/user_project_wrapper.gds -rd topcell=user_project_wrapper -rd report=/home/tonyho/workspace/debug/d3_caravel_user_project/caravel_user_project/precheck_results/04_SEP_2023___03_51_09/outputs/reports/klayout_offgrid_check.xml -rd offgrid=true >& /home/tonyho/workspace/debug/d3_caravel_user_project/caravel_user_project/precheck_results/04_SEP_2023___03_51_09/logs/klayout_offgrid_check.log
No DRC Violations found
{{Klayout Offgrid CHECK PASSED}} The GDS file, user_project_wrapper.gds, has no DRC violations.
{{STEP UPDATE}} Executing Check 12 of 14: Klayout Metal Minimum Clear Area Density
in CUSTOM klayout_gds_drc_check
run: klayout -b -r /home/tonyho/mpw_precheck/checks/drc_checks/klayout/met_min_ca_density.lydrc -rd input=/home/tonyho/workspace/debug/d3_caravel_user_project/caravel_user_project/gds/user_project_wrapper.gds -rd topcell=user_project_wrapper -rd report=/home/tonyho/workspace/debug/d3_caravel_user_project/caravel_user_project/precheck_results/04_SEP_2023___03_51_09/outputs/reports/klayout_met_min_ca_density_check.xml >& /home/tonyho/workspace/debug/d3_caravel_user_project/caravel_user_project/precheck_results/04_SEP_2023___03_51_09/logs/klayout_met_min_ca_density_check.log
No DRC Violations found
{{Klayout Metal Minimum Clear Area Density CHECK PASSED}} The GDS file, user_project_wrapper.gds, has no DRC violations.
{{STEP UPDATE}} Executing Check 13 of 14: Klayout Pin Label Purposes Overlapping Drawing
in CUSTOM klayout_gds_drc_check
run: klayout -b -r /home/tonyho/mpw_precheck/checks/drc_checks/klayout/pin_label_purposes_overlapping_drawing.rb.drc -rd input=/home/tonyho/workspace/debug/d3_caravel_user_project/caravel_user_project/gds/user_project_wrapper.gds -rd topcell=user_project_wrapper -rd report=/home/tonyho/workspace/debug/d3_caravel_user_project/caravel_user_project/precheck_results/04_SEP_2023___03_51_09/outputs/reports/klayout_pin_label_purposes_overlapping_drawing_check.xml -rd top_cell_name=user_project_wrapper >& /home/tonyho/workspace/debug/d3_caravel_user_project/caravel_user_project/precheck_results/04_SEP_2023___03_51_09/logs/klayout_pin_label_purposes_overlapping_drawing_check.log
No DRC Violations found
{{Klayout Pin Label Purposes Overlapping Drawing CHECK PASSED}} The GDS file, user_project_wrapper.gds, has no DRC violations.
{{STEP UPDATE}} Executing Check 14 of 14: Klayout ZeroArea
in CUSTOM klayout_gds_drc_check
run: klayout -b -r /home/tonyho/mpw_precheck/checks/drc_checks/klayout/zeroarea.rb.drc -rd input=/home/tonyho/workspace/debug/d3_caravel_user_project/caravel_user_project/gds/user_project_wrapper.gds -rd topcell=user_project_wrapper -rd report=/home/tonyho/workspace/debug/d3_caravel_user_project/caravel_user_project/precheck_results/04_SEP_2023___03_51_09/outputs/reports/klayout_zeroarea_check.xml -rd cleaned_output=/home/tonyho/workspace/debug/d3_caravel_user_project/caravel_user_project/precheck_results/04_SEP_2023___03_51_09/outputs/user_project_wrapper_no_zero_areas.gds >& /home/tonyho/workspace/debug/d3_caravel_user_project/caravel_user_project/precheck_results/04_SEP_2023___03_51_09/logs/klayout_zeroarea_check.log
No DRC Violations found
{{Klayout ZeroArea CHECK PASSED}} The GDS file, user_project_wrapper.gds, has no DRC violations.
{{FINISH}} Executing Finished, the full log 'precheck.log' can be found in '/home/tonyho/workspace/debug/d3_caravel_user_project/caravel_user_project/precheck_results/04_SEP_2023___03_51_09/logs'
{{SUCCESS}} All Checks Passed !!!
Generating LALR tables
WARNING: 183 shift/reduce conflicts
Reaping winning child 0x55f68453d410 PID 2594726 
Removing child 0x55f68453d410 PID 2594726 from chain.
Successfully remade target file 'run-precheck'.
+ /home/tonyho
./run_clone_d3_caravel_user_project_patch: line 69: /home/tonyho: Is a directory
